INFO:root:Time 00h 02m 10s, Avg Reward -0.004, Avg Accuracy 0.06, Avg Ep length 23.18, Best Reward 0.0
INFO:root:Time 00h 04m 22s, Avg Reward 0.06, Avg Accuracy 0.1, Avg Ep length 25.72, Best Reward 0.0
INFO:root:Time 00h 06m 29s, Avg Reward 0.012, Avg Accuracy 0.08, Avg Ep length 22.52, Best Reward 0.06
INFO:root:Time 00h 08m 43s, Avg Reward -0.028, Avg Accuracy 0.06, Avg Ep length 19.86, Best Reward 0.06
INFO:root:Time 00h 11m 07s, Avg Reward -0.036, Avg Accuracy 0.02, Avg Ep length 25.1, Best Reward 0.06
INFO:root:Time 00h 13m 28s, Avg Reward -5.55111512313e-18, Avg Accuracy 0.06, Avg Ep length 23.88, Best Reward 0.06
INFO:root:Time 00h 15m 37s, Avg Reward 0.052, Avg Accuracy 0.12, Avg Ep length 21.5, Best Reward 0.06
INFO:root:Time 00h 17m 59s, Avg Reward 0.068, Avg Accuracy 0.12, Avg Ep length 23.58, Best Reward 0.06
INFO:root:Time 00h 19m 57s, Avg Reward 0.048, Avg Accuracy 0.14, Avg Ep length 20.62, Best Reward 0.068
INFO:root:Time 00h 21m 55s, Avg Reward 0.004, Avg Accuracy 0.1, Avg Ep length 20.08, Best Reward 0.068
INFO:root:Time 00h 23m 57s, Avg Reward -4.4408920985e-18, Avg Accuracy 0.08, Avg Ep length 20.86, Best Reward 0.068
INFO:root:Time 00h 25m 54s, Avg Reward 0.064, Avg Accuracy 0.14, Avg Ep length 20.46, Best Reward 0.068
INFO:root:Time 00h 27m 47s, Avg Reward 0.032, Avg Accuracy 0.12, Avg Ep length 19.9, Best Reward 0.068
INFO:root:Time 00h 29m 50s, Avg Reward 0.084, Avg Accuracy 0.14, Avg Ep length 21.96, Best Reward 0.068
INFO:root:Time 00h 32m 02s, Avg Reward -0.032, Avg Accuracy 0.04, Avg Ep length 23.42, Best Reward 0.084
INFO:root:Time 00h 34m 02s, Avg Reward 0.052, Avg Accuracy 0.12, Avg Ep length 21.96, Best Reward 0.084
INFO:root:Time 00h 36m 08s, Avg Reward 0.06, Avg Accuracy 0.1, Avg Ep length 24.7, Best Reward 0.084
INFO:root:Time 00h 38m 19s, Avg Reward -0.056, Avg Accuracy 0.02, Avg Ep length 23.06, Best Reward 0.084
INFO:root:Time 00h 40m 28s, Avg Reward 0.048, Avg Accuracy 0.1, Avg Ep length 23.74, Best Reward 0.084
INFO:root:Time 00h 42m 53s, Avg Reward 0.02, Avg Accuracy 0.06, Avg Ep length 25.94, Best Reward 0.084
INFO:root:Time 00h 45m 00s, Avg Reward -0.004, Avg Accuracy 0.06, Avg Ep length 23.82, Best Reward 0.084
INFO:root:Time 00h 47m 05s, Avg Reward -0.032, Avg Accuracy 0.04, Avg Ep length 23.58, Best Reward 0.084
INFO:root:Time 00h 49m 25s, Avg Reward -3.33066907388e-18, Avg Accuracy 0.06, Avg Ep length 24.56, Best Reward 0.084
INFO:root:Time 00h 51m 36s, Avg Reward -0.016, Avg Accuracy 0.06, Avg Ep length 23.1, Best Reward 0.084
INFO:root:Time 00h 53m 45s, Avg Reward -0.016, Avg Accuracy 0.06, Avg Ep length 22.56, Best Reward 0.084
INFO:root:Time 00h 55m 40s, Avg Reward 0.084, Avg Accuracy 0.14, Avg Ep length 22.18, Best Reward 0.084
INFO:root:Time 00h 57m 49s, Avg Reward 2.22044604925e-18, Avg Accuracy 0.08, Avg Ep length 22.32, Best Reward 0.084
INFO:root:Time 00h 59m 55s, Avg Reward 0.088, Avg Accuracy 0.14, Avg Ep length 23.3, Best Reward 0.084
INFO:root:Time 01h 01m 58s, Avg Reward 0.028, Avg Accuracy 0.1, Avg Ep length 22.88, Best Reward 0.088
INFO:root:Time 01h 04m 02s, Avg Reward -0.012, Avg Accuracy 0.06, Avg Ep length 23.18, Best Reward 0.088
INFO:root:Time 01h 06m 07s, Avg Reward 0.016, Avg Accuracy 0.08, Avg Ep length 22.5, Best Reward 0.088
INFO:root:Time 01h 08m 23s, Avg Reward 0.108, Avg Accuracy 0.14, Avg Ep length 25.06, Best Reward 0.088
INFO:root:Time 01h 10m 38s, Avg Reward 0.008, Avg Accuracy 0.08, Avg Ep length 22.98, Best Reward 0.108
INFO:root:Time 01h 12m 40s, Avg Reward 0.072, Avg Accuracy 0.12, Avg Ep length 23.36, Best Reward 0.108
INFO:root:Time 01h 14m 47s, Avg Reward -0.036, Avg Accuracy 0.04, Avg Ep length 22.08, Best Reward 0.108
INFO:root:Time 01h 16m 52s, Avg Reward 0.068, Avg Accuracy 0.12, Avg Ep length 22.76, Best Reward 0.108
INFO:root:Time 01h 18m 54s, Avg Reward -0.028, Avg Accuracy 0.04, Avg Ep length 22.14, Best Reward 0.108
INFO:root:Time 01h 20m 51s, Avg Reward 0.0, Avg Accuracy 0.08, Avg Ep length 20.06, Best Reward 0.108
INFO:root:Time 01h 23m 06s, Avg Reward 0.052, Avg Accuracy 0.08, Avg Ep length 25.52, Best Reward 0.108
INFO:root:Time 01h 25m 16s, Avg Reward -0.008, Avg Accuracy 0.06, Avg Ep length 21.3, Best Reward 0.108
INFO:root:Time 01h 27m 20s, Avg Reward 0.004, Avg Accuracy 0.08, Avg Ep length 20.6, Best Reward 0.108
INFO:root:Time 01h 29m 36s, Avg Reward 0.008, Avg Accuracy 0.08, Avg Ep length 20.88, Best Reward 0.108
INFO:root:Time 01h 31m 40s, Avg Reward 0.052, Avg Accuracy 0.12, Avg Ep length 20.62, Best Reward 0.108
INFO:root:Time 01h 33m 44s, Avg Reward 0.012, Avg Accuracy 0.08, Avg Ep length 22.04, Best Reward 0.108
INFO:root:Time 01h 35m 55s, Avg Reward 0.052, Avg Accuracy 0.12, Avg Ep length 20.74, Best Reward 0.108
INFO:root:Time 01h 38m 08s, Avg Reward -0.008, Avg Accuracy 0.06, Avg Ep length 23.04, Best Reward 0.108
INFO:root:Time 01h 40m 15s, Avg Reward -0.048, Avg Accuracy 0.02, Avg Ep length 23.84, Best Reward 0.108
INFO:root:Time 01h 42m 22s, Avg Reward 0.02, Avg Accuracy 0.08, Avg Ep length 22.42, Best Reward 0.108
INFO:root:Time 01h 44m 27s, Avg Reward -0.012, Avg Accuracy 0.06, Avg Ep length 22.36, Best Reward 0.108
INFO:root:Time 01h 46m 31s, Avg Reward -0.008, Avg Accuracy 0.06, Avg Ep length 22.2, Best Reward 0.108
INFO:root:Time 00h 02m 08s, Avg Reward -0.02, Avg Accuracy 0.04, Avg Ep length 24.2, Best Reward 0.0
INFO:root:Time 00h 04m 12s, Avg Reward -0.032, Avg Accuracy 0.02, Avg Ep length 25.06, Best Reward 0.0
INFO:root:Time 00h 06m 12s, Avg Reward -0.016, Avg Accuracy 0.06, Avg Ep length 22.18, Best Reward 0.0
INFO:root:Time 00h 08m 13s, Avg Reward 0.04, Avg Accuracy 0.08, Avg Ep length 25.44, Best Reward 0.0
INFO:root:Time 00h 10m 23s, Avg Reward 0.032, Avg Accuracy 0.08, Avg Ep length 24.64, Best Reward 0.04
INFO:root:Time 00h 12m 24s, Avg Reward 0.008, Avg Accuracy 0.08, Avg Ep length 23.5, Best Reward 0.04
INFO:root:Time 00h 14m 32s, Avg Reward -0.016, Avg Accuracy 0.04, Avg Ep length 25.78, Best Reward 0.04
INFO:root:Time 00h 16m 40s, Avg Reward -0.016, Avg Accuracy 0.04, Avg Ep length 25.62, Best Reward 0.04
INFO:root:Time 00h 18m 52s, Avg Reward -0.024, Avg Accuracy 0.02, Avg Ep length 27.52, Best Reward 0.04
INFO:root:Time 00h 21m 11s, Avg Reward -0.024, Avg Accuracy 0.02, Avg Ep length 26.68, Best Reward 0.04
INFO:root:Time 00h 23m 20s, Avg Reward -0.012, Avg Accuracy 0.02, Avg Ep length 28.24, Best Reward 0.04
INFO:root:Time 00h 25m 32s, Avg Reward -0.016, Avg Accuracy 0.04, Avg Ep length 26.52, Best Reward 0.04
INFO:root:Time 00h 27m 35s, Avg Reward -0.02, Avg Accuracy 0.04, Avg Ep length 25.5, Best Reward 0.04
INFO:root:Time 00h 29m 45s, Avg Reward 0.024, Avg Accuracy 0.08, Avg Ep length 25.0, Best Reward 0.04
INFO:root:Time 00h 31m 54s, Avg Reward 0.024, Avg Accuracy 0.06, Avg Ep length 27.54, Best Reward 0.04
INFO:root:Time 00h 34m 13s, Avg Reward -0.008, Avg Accuracy 0.04, Avg Ep length 26.58, Best Reward 0.04
INFO:root:Time 00h 36m 28s, Avg Reward -0.04, Avg Accuracy 0.0, Avg Ep length 29.1, Best Reward 0.04
INFO:root:Time 00h 38m 38s, Avg Reward -0.008, Avg Accuracy 0.04, Avg Ep length 25.94, Best Reward 0.04
INFO:root:Time 00h 40m 48s, Avg Reward 0.044, Avg Accuracy 0.06, Avg Ep length 28.1, Best Reward 0.04
INFO:root:Time 00h 43m 14s, Avg Reward -0.012, Avg Accuracy 0.0, Avg Ep length 29.24, Best Reward 0.044
INFO:root:Time 00h 45m 25s, Avg Reward 0.02, Avg Accuracy 0.04, Avg Ep length 28.16, Best Reward 0.044
INFO:root:Time 00h 47m 40s, Avg Reward -0.024, Avg Accuracy 0.02, Avg Ep length 26.56, Best Reward 0.044
INFO:root:Time 00h 49m 55s, Avg Reward 0.028, Avg Accuracy 0.08, Avg Ep length 25.54, Best Reward 0.044
INFO:root:Time 00h 52m 09s, Avg Reward 0.036, Avg Accuracy 0.08, Avg Ep length 26.32, Best Reward 0.044
INFO:root:Time 00h 54m 30s, Avg Reward 0.004, Avg Accuracy 0.02, Avg Ep length 28.78, Best Reward 0.044
INFO:root:Time 00h 56m 42s, Avg Reward 0.012, Avg Accuracy 0.02, Avg Ep length 29.2, Best Reward 0.044
INFO:root:Time 00h 58m 52s, Avg Reward -0.012, Avg Accuracy 0.02, Avg Ep length 27.66, Best Reward 0.044
INFO:root:Time 01h 01m 00s, Avg Reward 0.012, Avg Accuracy 0.04, Avg Ep length 27.9, Best Reward 0.044
INFO:root:Time 01h 03m 12s, Avg Reward 0.028, Avg Accuracy 0.06, Avg Ep length 27.36, Best Reward 0.044
INFO:root:Time 01h 05m 30s, Avg Reward 0.016, Avg Accuracy 0.04, Avg Ep length 28.36, Best Reward 0.044
INFO:root:Time 01h 07m 45s, Avg Reward 0.024, Avg Accuracy 0.04, Avg Ep length 28.8, Best Reward 0.044
INFO:root:Time 01h 10m 08s, Avg Reward -0.004, Avg Accuracy 0.0, Avg Ep length 29.8, Best Reward 0.044
INFO:root:Time 01h 12m 25s, Avg Reward 0.0, Avg Accuracy 0.0, Avg Ep length 30.0, Best Reward 0.044
INFO:root:Time 01h 14m 43s, Avg Reward 0.0, Avg Accuracy 0.0, Avg Ep length 30.0, Best Reward 0.044
INFO:root:Time 01h 17m 05s, Avg Reward 0.0, Avg Accuracy 0.0, Avg Ep length 30.0, Best Reward 0.044
INFO:root:Time 01h 19m 34s, Avg Reward 0.02, Avg Accuracy 0.02, Avg Ep length 29.88, Best Reward 0.044
INFO:root:Time 01h 21m 52s, Avg Reward 0.0, Avg Accuracy 0.0, Avg Ep length 30.0, Best Reward 0.044
INFO:root:Time 01h 24m 16s, Avg Reward 0.0, Avg Accuracy 0.0, Avg Ep length 30.0, Best Reward 0.044
INFO:root:Time 01h 26m 35s, Avg Reward 0.0, Avg Accuracy 0.0, Avg Ep length 30.0, Best Reward 0.044
INFO:root:Time 01h 28m 55s, Avg Reward 0.0, Avg Accuracy 0.0, Avg Ep length 30.0, Best Reward 0.044
INFO:root:Time 01h 31m 16s, Avg Reward 0.0, Avg Accuracy 0.0, Avg Ep length 30.0, Best Reward 0.044
INFO:root:Time 01h 33m 38s, Avg Reward 0.0, Avg Accuracy 0.0, Avg Ep length 30.0, Best Reward 0.044
INFO:root:Time 01h 35m 59s, Avg Reward 0.0, Avg Accuracy 0.0, Avg Ep length 30.0, Best Reward 0.044
INFO:root:Time 01h 38m 17s, Avg Reward 0.0, Avg Accuracy 0.0, Avg Ep length 30.0, Best Reward 0.044
INFO:root:Time 01h 40m 35s, Avg Reward 0.0, Avg Accuracy 0.0, Avg Ep length 30.0, Best Reward 0.044
INFO:root:Time 01h 42m 55s, Avg Reward 0.0, Avg Accuracy 0.0, Avg Ep length 30.0, Best Reward 0.044
INFO:root:Time 01h 45m 12s, Avg Reward 0.0, Avg Accuracy 0.0, Avg Ep length 30.0, Best Reward 0.044
INFO:root:Time 01h 47m 39s, Avg Reward 0.0, Avg Accuracy 0.0, Avg Ep length 30.0, Best Reward 0.044
INFO:root:Time 01h 49m 53s, Avg Reward 0.0, Avg Accuracy 0.0, Avg Ep length 30.0, Best Reward 0.044
INFO:root:Time 01h 52m 20s, Avg Reward 0.0, Avg Accuracy 0.0, Avg Ep length 30.0, Best Reward 0.044
INFO:root:Time 01h 54m 47s, Avg Reward 0.0, Avg Accuracy 0.0, Avg Ep length 30.0, Best Reward 0.044
INFO:root:Time 01h 57m 09s, Avg Reward 0.0, Avg Accuracy 0.0, Avg Ep length 30.0, Best Reward 0.044
INFO:root:Time 01h 59m 23s, Avg Reward 0.0, Avg Accuracy 0.0, Avg Ep length 30.0, Best Reward 0.044
INFO:root:Time 02h 01m 40s, Avg Reward 0.0, Avg Accuracy 0.0, Avg Ep length 30.0, Best Reward 0.044
INFO:root:Time 02h 04m 07s, Avg Reward 0.0, Avg Accuracy 0.0, Avg Ep length 30.0, Best Reward 0.044
INFO:root:Time 02h 06m 16s, Avg Reward 0.0, Avg Accuracy 0.0, Avg Ep length 30.0, Best Reward 0.044
INFO:root:Time 02h 08m 36s, Avg Reward 0.0, Avg Accuracy 0.0, Avg Ep length 30.0, Best Reward 0.044
INFO:root:Time 02h 10m 57s, Avg Reward 0.0, Avg Accuracy 0.0, Avg Ep length 30.0, Best Reward 0.044
INFO:root:Time 02h 13m 10s, Avg Reward 0.0, Avg Accuracy 0.0, Avg Ep length 30.0, Best Reward 0.044
INFO:root:Time 02h 15m 31s, Avg Reward 0.0, Avg Accuracy 0.0, Avg Ep length 30.0, Best Reward 0.044
INFO:root:Time 02h 17m 55s, Avg Reward 0.0, Avg Accuracy 0.0, Avg Ep length 30.0, Best Reward 0.044
INFO:root:Time 02h 20m 11s, Avg Reward 0.0, Avg Accuracy 0.0, Avg Ep length 30.0, Best Reward 0.044
INFO:root:Time 02h 22m 36s, Avg Reward 0.0, Avg Accuracy 0.0, Avg Ep length 30.0, Best Reward 0.044
INFO:root:Time 02h 24m 56s, Avg Reward 0.0, Avg Accuracy 0.0, Avg Ep length 30.0, Best Reward 0.044
INFO:root:Time 02h 27m 11s, Avg Reward 0.0, Avg Accuracy 0.0, Avg Ep length 30.0, Best Reward 0.044
INFO:root:Time 02h 29m 33s, Avg Reward 0.0, Avg Accuracy 0.0, Avg Ep length 30.0, Best Reward 0.044
INFO:root:Time 02h 31m 55s, Avg Reward 0.0, Avg Accuracy 0.0, Avg Ep length 30.0, Best Reward 0.044
INFO:root:Time 02h 34m 20s, Avg Reward 0.0, Avg Accuracy 0.0, Avg Ep length 30.0, Best Reward 0.044
INFO:root:Time 02h 36m 43s, Avg Reward 0.0, Avg Accuracy 0.0, Avg Ep length 30.0, Best Reward 0.044
INFO:root:Time 02h 39m 06s, Avg Reward 0.0, Avg Accuracy 0.0, Avg Ep length 30.0, Best Reward 0.044
INFO:root:Time 02h 41m 25s, Avg Reward 0.0, Avg Accuracy 0.0, Avg Ep length 30.0, Best Reward 0.044
INFO:root:Training thread: 2 Num iters: 1K Avg policy loss: -0.324496889052 Avg value loss: 0.670814997024
INFO:root:Training thread: 14 Num iters: 1K Avg policy loss: -0.215311048665 Avg value loss: 0.575985807576
INFO:root:Training thread: 15 Num iters: 1K Avg policy loss: -0.188507553147 Avg value loss: 0.557382104688
INFO:root:Training thread: 1 Num iters: 1K Avg policy loss: -0.237951369035 Avg value loss: 0.463829085381
INFO:root:Training thread: 4 Num iters: 1K Avg policy loss: -0.146025541111 Avg value loss: 0.473631021699
INFO:root:Training thread: 13 Num iters: 1K Avg policy loss: -0.369346899728 Avg value loss: 0.670099593143
INFO:root:Time 02h 43m 42s, Avg Reward 0.0, Avg Accuracy 0.0, Avg Ep length 30.0, Best Reward 0.044
INFO:root:Training thread: 3 Num iters: 1K Avg policy loss: -0.20904034025 Avg value loss: 0.569966919566
INFO:root:Training thread: 5 Num iters: 1K Avg policy loss: -0.198606325179 Avg value loss: 0.567862182499
INFO:root:Training thread: 6 Num iters: 1K Avg policy loss: -0.171664965671 Avg value loss: 0.503471029901
INFO:root:Training thread: 12 Num iters: 1K Avg policy loss: -0.275533310146 Avg value loss: 0.649326030883
INFO:root:Training thread: 0 Num iters: 1K Avg policy loss: -0.239046426196 Avg value loss: 0.627751996129
INFO:root:Training thread: 7 Num iters: 1K Avg policy loss: -0.292814545659 Avg value loss: 0.596780846088
INFO:root:Training thread: 8 Num iters: 1K Avg policy loss: -0.141907648553 Avg value loss: 0.507391510512
INFO:root:Training thread: 10 Num iters: 1K Avg policy loss: -0.280411937275 Avg value loss: 0.597954113527
INFO:root:Time 02h 46m 09s, Avg Reward 0.0, Avg Accuracy 0.0, Avg Ep length 30.0, Best Reward 0.044
INFO:root:Training thread: 11 Num iters: 1K Avg policy loss: -0.0232347416878 Avg value loss: 0.454337236122
INFO:root:Training thread: 9 Num iters: 1K Avg policy loss: -0.180721976205 Avg value loss: 0.552327308222
INFO:root:Time 02h 48m 33s, Avg Reward 0.0, Avg Accuracy 0.0, Avg Ep length 30.0, Best Reward 0.044
INFO:root:Time 02h 50m 52s, Avg Reward 0.0, Avg Accuracy 0.0, Avg Ep length 30.0, Best Reward 0.044
INFO:root:Time 02h 53m 12s, Avg Reward 0.0, Avg Accuracy 0.0, Avg Ep length 30.0, Best Reward 0.044
INFO:root:Time 02h 55m 33s, Avg Reward 0.0, Avg Accuracy 0.0, Avg Ep length 30.0, Best Reward 0.044
INFO:root:Time 02h 57m 55s, Avg Reward 0.0, Avg Accuracy 0.0, Avg Ep length 30.0, Best Reward 0.044
INFO:root:Time 03h 00m 21s, Avg Reward 0.0, Avg Accuracy 0.0, Avg Ep length 30.0, Best Reward 0.044
INFO:root:Time 03h 02m 42s, Avg Reward 0.0, Avg Accuracy 0.0, Avg Ep length 30.0, Best Reward 0.044
INFO:root:Time 03h 04m 59s, Avg Reward 0.0, Avg Accuracy 0.0, Avg Ep length 30.0, Best Reward 0.044
INFO:root:Time 03h 07m 19s, Avg Reward 0.0, Avg Accuracy 0.0, Avg Ep length 30.0, Best Reward 0.044
INFO:root:Time 03h 09m 39s, Avg Reward 0.0, Avg Accuracy 0.0, Avg Ep length 30.0, Best Reward 0.044
INFO:root:Time 03h 12m 03s, Avg Reward 0.0, Avg Accuracy 0.0, Avg Ep length 30.0, Best Reward 0.044
INFO:root:Time 03h 14m 25s, Avg Reward 0.0, Avg Accuracy 0.0, Avg Ep length 30.0, Best Reward 0.044
INFO:root:Time 03h 16m 46s, Avg Reward 0.0, Avg Accuracy 0.0, Avg Ep length 30.0, Best Reward 0.044
INFO:root:Time 03h 19m 05s, Avg Reward 0.0, Avg Accuracy 0.0, Avg Ep length 30.0, Best Reward 0.044
INFO:root:Time 03h 21m 22s, Avg Reward 0.0, Avg Accuracy 0.0, Avg Ep length 30.0, Best Reward 0.044
INFO:root:Time 03h 23m 38s, Avg Reward -0.004, Avg Accuracy 0.0, Avg Ep length 29.96, Best Reward 0.044
INFO:root:Time 03h 25m 59s, Avg Reward 0.0, Avg Accuracy 0.0, Avg Ep length 30.0, Best Reward 0.044
INFO:root:Time 03h 28m 19s, Avg Reward 0.0, Avg Accuracy 0.0, Avg Ep length 30.0, Best Reward 0.044
INFO:root:Time 03h 30m 40s, Avg Reward 0.0, Avg Accuracy 0.0, Avg Ep length 30.0, Best Reward 0.044
INFO:root:Time 03h 32m 56s, Avg Reward -0.004, Avg Accuracy 0.0, Avg Ep length 29.94, Best Reward 0.044
INFO:root:Time 03h 35m 15s, Avg Reward 0.012, Avg Accuracy 0.02, Avg Ep length 29.84, Best Reward 0.044
INFO:root:Time 03h 37m 38s, Avg Reward -0.02, Avg Accuracy 0.0, Avg Ep length 29.78, Best Reward 0.044
INFO:root:Time 03h 40m 01s, Avg Reward -0.004, Avg Accuracy 0.02, Avg Ep length 29.68, Best Reward 0.044
INFO:root:Time 03h 42m 30s, Avg Reward -0.024, Avg Accuracy 0.0, Avg Ep length 29.66, Best Reward 0.044
INFO:root:Time 03h 44m 51s, Avg Reward 0.02, Avg Accuracy 0.04, Avg Ep length 29.62, Best Reward 0.044
INFO:root:Time 03h 47m 19s, Avg Reward -0.032, Avg Accuracy 0.0, Avg Ep length 29.5, Best Reward 0.044
INFO:root:Time 03h 49m 40s, Avg Reward -0.016, Avg Accuracy 0.02, Avg Ep length 29.26, Best Reward 0.044
INFO:root:Time 03h 52m 07s, Avg Reward 0.02, Avg Accuracy 0.06, Avg Ep length 29.2, Best Reward 0.044
INFO:root:Time 03h 54m 27s, Avg Reward -0.024, Avg Accuracy 0.02, Avg Ep length 29.28, Best Reward 0.044
INFO:root:Time 03h 56m 43s, Avg Reward 0.016, Avg Accuracy 0.04, Avg Ep length 29.6, Best Reward 0.044
INFO:root:Time 03h 59m 05s, Avg Reward -0.004, Avg Accuracy 0.02, Avg Ep length 29.7, Best Reward 0.044
INFO:root:Time 04h 01m 20s, Avg Reward 0.012, Avg Accuracy 0.04, Avg Ep length 29.68, Best Reward 0.044
INFO:root:Time 04h 03m 41s, Avg Reward -0.044, Avg Accuracy 0.0, Avg Ep length 29.28, Best Reward 0.044
INFO:root:Time 04h 06m 08s, Avg Reward 0.068, Avg Accuracy 0.1, Avg Ep length 29.44, Best Reward 0.044
INFO:root:Time 04h 08m 29s, Avg Reward 0.032, Avg Accuracy 0.08, Avg Ep length 29.3, Best Reward 0.068
INFO:root:Time 04h 10m 53s, Avg Reward -0.024, Avg Accuracy 0.02, Avg Ep length 29.4, Best Reward 0.068
INFO:root:Time 04h 13m 07s, Avg Reward 0.012, Avg Accuracy 0.06, Avg Ep length 29.2, Best Reward 0.068
INFO:root:Time 04h 15m 28s, Avg Reward -0.028, Avg Accuracy 0.02, Avg Ep length 29.52, Best Reward 0.068
INFO:root:Time 04h 17m 49s, Avg Reward 3.33066907388e-18, Avg Accuracy 0.04, Avg Ep length 29.44, Best Reward 0.068
INFO:root:Time 04h 20m 14s, Avg Reward 0.016, Avg Accuracy 0.06, Avg Ep length 29.52, Best Reward 0.068
INFO:root:Time 04h 22m 39s, Avg Reward -0.02, Avg Accuracy 0.04, Avg Ep length 29.24, Best Reward 0.068
INFO:root:Time 04h 25m 05s, Avg Reward 0.02, Avg Accuracy 0.06, Avg Ep length 29.32, Best Reward 0.068
INFO:root:Time 04h 27m 18s, Avg Reward 0.052, Avg Accuracy 0.08, Avg Ep length 29.48, Best Reward 0.068
INFO:root:Time 04h 29m 34s, Avg Reward 0.004, Avg Accuracy 0.04, Avg Ep length 29.56, Best Reward 0.068
INFO:root:Time 04h 31m 55s, Avg Reward -0.024, Avg Accuracy 0.02, Avg Ep length 29.72, Best Reward 0.068
INFO:root:Time 04h 34m 22s, Avg Reward 0.032, Avg Accuracy 0.06, Avg Ep length 29.42, Best Reward 0.068
INFO:root:Time 04h 36m 41s, Avg Reward 0.044, Avg Accuracy 0.08, Avg Ep length 29.14, Best Reward 0.068
INFO:root:Time 04h 38m 58s, Avg Reward -0.024, Avg Accuracy 0.04, Avg Ep length 28.56, Best Reward 0.068
INFO:root:Time 04h 41m 19s, Avg Reward 0.04, Avg Accuracy 0.1, Avg Ep length 27.84, Best Reward 0.068
INFO:root:Time 04h 43m 33s, Avg Reward 0.028, Avg Accuracy 0.1, Avg Ep length 26.64, Best Reward 0.068
INFO:root:Time 04h 45m 46s, Avg Reward -0.008, Avg Accuracy 0.06, Avg Ep length 25.54, Best Reward 0.068
INFO:root:Time 04h 48m 02s, Avg Reward 0.008, Avg Accuracy 0.08, Avg Ep length 24.68, Best Reward 0.068
INFO:root:Time 04h 50m 13s, Avg Reward -0.036, Avg Accuracy 0.04, Avg Ep length 24.82, Best Reward 0.068
INFO:root:Time 04h 52m 25s, Avg Reward -0.004, Avg Accuracy 0.06, Avg Ep length 25.22, Best Reward 0.068
INFO:root:Time 04h 54m 44s, Avg Reward 0.076, Avg Accuracy 0.12, Avg Ep length 26.08, Best Reward 0.068
INFO:root:Time 00h 02m 26s, Avg Reward 0.056, Avg Accuracy 0.1, Avg Ep length 24.32, Best Reward 0.0
INFO:root:Time 00h 04m 56s, Avg Reward -0.008, Avg Accuracy 0.04, Avg Ep length 28.54, Best Reward 0.056
INFO:root:Time 00h 07m 07s, Avg Reward 0.032, Avg Accuracy 0.1, Avg Ep length 26.52, Best Reward 0.056
INFO:root:Time 00h 09m 31s, Avg Reward -0.056, Avg Accuracy 0.0, Avg Ep length 27.38, Best Reward 0.056
INFO:root:Time 00h 11m 38s, Avg Reward 0.116, Avg Accuracy 0.16, Avg Ep length 25.5, Best Reward 0.056
INFO:root:Time 00h 13m 50s, Avg Reward 0.02, Avg Accuracy 0.08, Avg Ep length 26.76, Best Reward 0.116
INFO:root:Time 00h 15m 53s, Avg Reward 0.044, Avg Accuracy 0.1, Avg Ep length 26.82, Best Reward 0.116
INFO:root:Time 00h 18m 07s, Avg Reward 0.092, Avg Accuracy 0.14, Avg Ep length 25.54, Best Reward 0.116
INFO:root:Time 00h 20m 12s, Avg Reward -0.04, Avg Accuracy 0.04, Avg Ep length 24.52, Best Reward 0.116
INFO:root:Time 00h 22m 19s, Avg Reward 0.036, Avg Accuracy 0.08, Avg Ep length 26.36, Best Reward 0.116
INFO:root:Time 00h 24m 30s, Avg Reward -0.036, Avg Accuracy 0.02, Avg Ep length 26.46, Best Reward 0.116
INFO:root:Time 00h 26m 40s, Avg Reward 0.008, Avg Accuracy 0.06, Avg Ep length 25.86, Best Reward 0.116
INFO:root:Time 00h 28m 50s, Avg Reward 0.076, Avg Accuracy 0.12, Avg Ep length 25.12, Best Reward 0.116
INFO:root:Time 00h 30m 59s, Avg Reward 0.072, Avg Accuracy 0.14, Avg Ep length 24.14, Best Reward 0.116
INFO:root:Time 00h 33m 10s, Avg Reward -0.06, Avg Accuracy 0.02, Avg Ep length 23.42, Best Reward 0.116
INFO:root:Time 00h 35m 18s, Avg Reward -0.004, Avg Accuracy 0.06, Avg Ep length 23.88, Best Reward 0.116
INFO:root:Time 00h 37m 29s, Avg Reward 0.008, Avg Accuracy 0.06, Avg Ep length 25.02, Best Reward 0.116
INFO:root:Time 00h 39m 33s, Avg Reward -0.016, Avg Accuracy 0.06, Avg Ep length 22.08, Best Reward 0.116
INFO:root:Time 00h 41m 38s, Avg Reward -0.016, Avg Accuracy 0.06, Avg Ep length 22.0, Best Reward 0.116
INFO:root:Time 00h 43m 43s, Avg Reward 0.076, Avg Accuracy 0.14, Avg Ep length 24.14, Best Reward 0.116
INFO:root:Time 00h 45m 52s, Avg Reward 0.02, Avg Accuracy 0.08, Avg Ep length 25.92, Best Reward 0.116
INFO:root:Time 00h 47m 51s, Avg Reward 0.04, Avg Accuracy 0.1, Avg Ep length 24.12, Best Reward 0.116
INFO:root:Time 00h 50m 03s, Avg Reward 0.032, Avg Accuracy 0.08, Avg Ep length 24.0, Best Reward 0.116
INFO:root:Time 00h 52m 05s, Avg Reward 0.068, Avg Accuracy 0.12, Avg Ep length 22.48, Best Reward 0.116
INFO:root:Time 00h 54m 09s, Avg Reward -0.028, Avg Accuracy 0.04, Avg Ep length 23.1, Best Reward 0.116
INFO:root:Time 00h 56m 22s, Avg Reward 0.068, Avg Accuracy 0.12, Avg Ep length 22.66, Best Reward 0.116
INFO:root:Time 00h 58m 22s, Avg Reward 0.004, Avg Accuracy 0.08, Avg Ep length 21.1, Best Reward 0.116
INFO:root:Time 01h 00m 30s, Avg Reward 0.06, Avg Accuracy 0.12, Avg Ep length 22.16, Best Reward 0.116
INFO:root:Time 01h 02m 34s, Avg Reward 0.072, Avg Accuracy 0.12, Avg Ep length 23.18, Best Reward 0.116
INFO:root:Time 01h 04m 43s, Avg Reward -0.004, Avg Accuracy 0.06, Avg Ep length 23.58, Best Reward 0.116
INFO:root:Time 01h 06m 38s, Avg Reward 0.06, Avg Accuracy 0.14, Avg Ep length 20.86, Best Reward 0.116
INFO:root:Time 01h 08m 40s, Avg Reward -0.024, Avg Accuracy 0.06, Avg Ep length 22.16, Best Reward 0.116
INFO:root:Time 01h 10m 50s, Avg Reward 0.04, Avg Accuracy 0.1, Avg Ep length 23.88, Best Reward 0.116
INFO:root:Time 01h 12m 48s, Avg Reward 0.032, Avg Accuracy 0.1, Avg Ep length 23.1, Best Reward 0.116
INFO:root:Time 01h 14m 57s, Avg Reward -0.004, Avg Accuracy 0.08, Avg Ep length 22.22, Best Reward 0.116
INFO:root:Time 01h 17m 00s, Avg Reward 0.028, Avg Accuracy 0.1, Avg Ep length 22.1, Best Reward 0.116
INFO:root:Time 01h 19m 08s, Avg Reward 0.012, Avg Accuracy 0.06, Avg Ep length 25.18, Best Reward 0.116
INFO:root:Time 01h 21m 02s, Avg Reward -0.032, Avg Accuracy 0.06, Avg Ep length 19.8, Best Reward 0.116
INFO:root:Time 01h 23m 06s, Avg Reward 0.016, Avg Accuracy 0.08, Avg Ep length 22.68, Best Reward 0.116
INFO:root:Time 01h 25m 14s, Avg Reward 0.044, Avg Accuracy 0.12, Avg Ep length 20.84, Best Reward 0.116
INFO:root:Time 01h 27m 16s, Avg Reward 0.076, Avg Accuracy 0.14, Avg Ep length 22.98, Best Reward 0.116
INFO:root:Time 01h 29m 09s, Avg Reward -0.012, Avg Accuracy 0.08, Avg Ep length 19.7, Best Reward 0.116
INFO:root:Time 01h 31m 18s, Avg Reward 0.044, Avg Accuracy 0.1, Avg Ep length 22.92, Best Reward 0.116
INFO:root:Time 01h 33m 21s, Avg Reward -0.06, Avg Accuracy 0.02, Avg Ep length 21.42, Best Reward 0.116
INFO:root:Time 01h 35m 20s, Avg Reward 0.024, Avg Accuracy 0.08, Avg Ep length 23.06, Best Reward 0.116
INFO:root:Time 01h 37m 21s, Avg Reward -0.064, Avg Accuracy 0.02, Avg Ep length 20.76, Best Reward 0.116
INFO:root:Time 01h 39m 16s, Avg Reward -0.024, Avg Accuracy 0.04, Avg Ep length 22.98, Best Reward 0.116
INFO:root:Time 01h 41m 14s, Avg Reward 0.024, Avg Accuracy 0.1, Avg Ep length 20.32, Best Reward 0.116
INFO:root:Time 01h 43m 14s, Avg Reward 0.008, Avg Accuracy 0.06, Avg Ep length 23.12, Best Reward 0.116
INFO:root:Time 00h 02m 01s, Avg Reward 0.1, Avg Accuracy 0.16, Avg Ep length 20.96, Best Reward 0.0
INFO:root:Time 00h 04m 05s, Avg Reward 0.032, Avg Accuracy 0.1, Avg Ep length 22.72, Best Reward 0.1
INFO:root:Time 00h 06m 17s, Avg Reward -0.072, Avg Accuracy 0.02, Avg Ep length 21.5, Best Reward 0.1
INFO:root:Time 00h 08m 17s, Avg Reward -0.064, Avg Accuracy 0.02, Avg Ep length 22.54, Best Reward 0.1
INFO:root:Time 00h 02m 04s, Avg Reward 0.008, Avg Accuracy 0.06, Avg Ep length 24.3, Best Reward 0.0
INFO:root:Time 00h 04m 22s, Avg Reward -0.024, Avg Accuracy 0.04, Avg Ep length 23.84, Best Reward 0.008
INFO:root:Time 00h 06m 27s, Avg Reward 0.012, Avg Accuracy 0.08, Avg Ep length 21.2, Best Reward 0.008
INFO:root:Time 00h 08m 23s, Avg Reward 0.056, Avg Accuracy 0.12, Avg Ep length 20.88, Best Reward 0.012
INFO:root:Time 00h 10m 24s, Avg Reward 0.004, Avg Accuracy 0.08, Avg Ep length 22.36, Best Reward 0.056
INFO:root:Time 00h 12m 35s, Avg Reward -0.004, Avg Accuracy 0.06, Avg Ep length 23.9, Best Reward 0.056
INFO:root:Time 00h 14m 36s, Avg Reward 0.012, Avg Accuracy 0.06, Avg Ep length 25.12, Best Reward 0.056
INFO:root:Time 00h 16m 35s, Avg Reward -0.028, Avg Accuracy 0.04, Avg Ep length 23.52, Best Reward 0.056
INFO:root:Time 00h 18m 36s, Avg Reward 0.008, Avg Accuracy 0.1, Avg Ep length 22.0, Best Reward 0.056
INFO:root:Time 00h 20m 52s, Avg Reward 0.032, Avg Accuracy 0.08, Avg Ep length 26.12, Best Reward 0.056
INFO:root:Time 00h 23m 02s, Avg Reward -0.036, Avg Accuracy 0.02, Avg Ep length 27.3, Best Reward 0.056
INFO:root:Time 00h 25m 15s, Avg Reward -0.028, Avg Accuracy 0.02, Avg Ep length 28.7, Best Reward 0.056
INFO:root:Time 00h 27m 33s, Avg Reward -0.032, Avg Accuracy 0.0, Avg Ep length 28.4, Best Reward 0.056
INFO:root:Time 00h 29m 46s, Avg Reward -0.036, Avg Accuracy 0.0, Avg Ep length 27.34, Best Reward 0.056
INFO:root:Time 00h 32m 08s, Avg Reward 0.032, Avg Accuracy 0.06, Avg Ep length 28.14, Best Reward 0.056
INFO:root:Time 00h 34m 30s, Avg Reward -0.04, Avg Accuracy 0.0, Avg Ep length 27.78, Best Reward 0.056
INFO:root:Time 00h 36m 51s, Avg Reward 0.072, Avg Accuracy 0.08, Avg Ep length 29.88, Best Reward 0.056
INFO:root:Time 00h 39m 15s, Avg Reward 0.0, Avg Accuracy 0.0, Avg Ep length 30.0, Best Reward 0.072
INFO:root:Time 00h 41m 44s, Avg Reward -0.012, Avg Accuracy 0.0, Avg Ep length 29.92, Best Reward 0.072
INFO:root:Time 00h 44m 02s, Avg Reward -0.012, Avg Accuracy 0.0, Avg Ep length 29.94, Best Reward 0.072
INFO:root:Time 00h 46m 24s, Avg Reward -0.012, Avg Accuracy 0.0, Avg Ep length 29.98, Best Reward 0.072
INFO:root:Time 00h 48m 39s, Avg Reward -0.004, Avg Accuracy 0.0, Avg Ep length 29.96, Best Reward 0.072
INFO:root:Time 00h 50m 53s, Avg Reward 0.004, Avg Accuracy 0.02, Avg Ep length 29.9, Best Reward 0.072
INFO:root:Time 00h 53m 15s, Avg Reward 0.0, Avg Accuracy 0.0, Avg Ep length 30.0, Best Reward 0.072
INFO:root:Time 00h 55m 30s, Avg Reward 0.0, Avg Accuracy 0.0, Avg Ep length 30.0, Best Reward 0.072
INFO:root:Time 00h 57m 43s, Avg Reward 0.0, Avg Accuracy 0.0, Avg Ep length 30.0, Best Reward 0.072
INFO:root:Time 01h 00m 03s, Avg Reward 0.0, Avg Accuracy 0.0, Avg Ep length 30.0, Best Reward 0.072
INFO:root:Time 01h 02m 21s, Avg Reward 0.0, Avg Accuracy 0.0, Avg Ep length 30.0, Best Reward 0.072
INFO:root:Time 01h 04m 46s, Avg Reward 0.0, Avg Accuracy 0.0, Avg Ep length 30.0, Best Reward 0.072
INFO:root:Time 01h 07m 02s, Avg Reward 0.0, Avg Accuracy 0.0, Avg Ep length 30.0, Best Reward 0.072
INFO:root:Time 01h 09m 24s, Avg Reward 0.0, Avg Accuracy 0.0, Avg Ep length 30.0, Best Reward 0.072
INFO:root:Time 01h 11m 45s, Avg Reward 0.0, Avg Accuracy 0.0, Avg Ep length 30.0, Best Reward 0.072
INFO:root:Time 01h 14m 02s, Avg Reward 0.0, Avg Accuracy 0.0, Avg Ep length 30.0, Best Reward 0.072
INFO:root:Time 01h 16m 26s, Avg Reward 0.0, Avg Accuracy 0.0, Avg Ep length 30.0, Best Reward 0.072
INFO:root:Time 01h 18m 46s, Avg Reward 0.0, Avg Accuracy 0.0, Avg Ep length 30.0, Best Reward 0.072
INFO:root:Time 01h 21m 06s, Avg Reward 0.0, Avg Accuracy 0.0, Avg Ep length 30.0, Best Reward 0.072
INFO:root:Time 01h 23m 20s, Avg Reward 0.0, Avg Accuracy 0.0, Avg Ep length 30.0, Best Reward 0.072
INFO:root:Time 01h 25m 36s, Avg Reward 0.0, Avg Accuracy 0.0, Avg Ep length 30.0, Best Reward 0.072
INFO:root:Time 01h 27m 56s, Avg Reward 0.0, Avg Accuracy 0.0, Avg Ep length 30.0, Best Reward 0.072
INFO:root:Time 01h 30m 15s, Avg Reward 0.0, Avg Accuracy 0.0, Avg Ep length 30.0, Best Reward 0.072
INFO:root:Time 01h 32m 38s, Avg Reward 0.0, Avg Accuracy 0.0, Avg Ep length 30.0, Best Reward 0.072
INFO:root:Time 01h 35m 03s, Avg Reward -0.004, Avg Accuracy 0.0, Avg Ep length 30.0, Best Reward 0.072
INFO:root:Time 01h 37m 26s, Avg Reward -0.004, Avg Accuracy 0.0, Avg Ep length 30.0, Best Reward 0.072
INFO:root:Time 01h 39m 54s, Avg Reward 0.012, Avg Accuracy 0.02, Avg Ep length 29.94, Best Reward 0.072
INFO:root:Time 01h 42m 13s, Avg Reward -0.024, Avg Accuracy 0.0, Avg Ep length 29.82, Best Reward 0.072
INFO:root:Time 01h 44m 38s, Avg Reward 0.008, Avg Accuracy 0.02, Avg Ep length 29.94, Best Reward 0.072
INFO:root:Time 01h 46m 54s, Avg Reward 0.02, Avg Accuracy 0.02, Avg Ep length 30.0, Best Reward 0.072
INFO:root:Time 01h 49m 15s, Avg Reward -0.004, Avg Accuracy 0.0, Avg Ep length 30.0, Best Reward 0.072
INFO:root:Time 01h 51m 38s, Avg Reward 0.0, Avg Accuracy 0.0, Avg Ep length 30.0, Best Reward 0.072
INFO:root:Time 01h 53m 57s, Avg Reward 0.0, Avg Accuracy 0.0, Avg Ep length 30.0, Best Reward 0.072
INFO:root:Time 01h 56m 19s, Avg Reward 0.0, Avg Accuracy 0.0, Avg Ep length 30.0, Best Reward 0.072
INFO:root:Time 01h 58m 31s, Avg Reward 0.0, Avg Accuracy 0.0, Avg Ep length 30.0, Best Reward 0.072
INFO:root:Time 02h 00m 47s, Avg Reward 0.0, Avg Accuracy 0.0, Avg Ep length 30.0, Best Reward 0.072
INFO:root:Time 02h 03m 06s, Avg Reward 0.0, Avg Accuracy 0.0, Avg Ep length 30.0, Best Reward 0.072
INFO:root:Time 02h 05m 26s, Avg Reward 0.0, Avg Accuracy 0.0, Avg Ep length 30.0, Best Reward 0.072
INFO:root:Time 02h 07m 40s, Avg Reward 0.0, Avg Accuracy 0.0, Avg Ep length 30.0, Best Reward 0.072
INFO:root:Time 02h 09m 56s, Avg Reward 0.0, Avg Accuracy 0.0, Avg Ep length 30.0, Best Reward 0.072
INFO:root:Time 02h 12m 16s, Avg Reward 0.0, Avg Accuracy 0.0, Avg Ep length 30.0, Best Reward 0.072
INFO:root:Time 02h 14m 29s, Avg Reward 0.0, Avg Accuracy 0.0, Avg Ep length 30.0, Best Reward 0.072
INFO:root:Time 02h 16m 44s, Avg Reward 0.0, Avg Accuracy 0.0, Avg Ep length 30.0, Best Reward 0.072
INFO:root:Time 02h 19m 05s, Avg Reward 0.0, Avg Accuracy 0.0, Avg Ep length 30.0, Best Reward 0.072
INFO:root:Time 02h 21m 15s, Avg Reward 0.0, Avg Accuracy 0.0, Avg Ep length 30.0, Best Reward 0.072
INFO:root:Time 02h 23m 41s, Avg Reward 0.0, Avg Accuracy 0.0, Avg Ep length 30.0, Best Reward 0.072
INFO:root:Time 02h 26m 03s, Avg Reward 0.0, Avg Accuracy 0.0, Avg Ep length 30.0, Best Reward 0.072
INFO:root:Time 02h 28m 28s, Avg Reward 0.0, Avg Accuracy 0.0, Avg Ep length 30.0, Best Reward 0.072
INFO:root:Time 02h 30m 50s, Avg Reward 0.0, Avg Accuracy 0.0, Avg Ep length 30.0, Best Reward 0.072
INFO:root:Time 02h 33m 10s, Avg Reward 0.0, Avg Accuracy 0.0, Avg Ep length 30.0, Best Reward 0.072
INFO:root:Time 02h 35m 28s, Avg Reward 0.0, Avg Accuracy 0.0, Avg Ep length 30.0, Best Reward 0.072
INFO:root:Training thread: 15 Num iters: 1K Avg policy loss: -0.027596131875 Avg value loss: 0.00845055351788
INFO:root:Time 02h 37m 54s, Avg Reward 0.0, Avg Accuracy 0.0, Avg Ep length 30.0, Best Reward 0.072
INFO:root:Training thread: 1 Num iters: 1K Avg policy loss: -0.0319461739786 Avg value loss: 0.008795441804
INFO:root:Training thread: 0 Num iters: 1K Avg policy loss: -0.0340943704838 Avg value loss: 0.00874351265292
INFO:root:Training thread: 2 Num iters: 1K Avg policy loss: -0.0274296353794 Avg value loss: 0.00821952039061
INFO:root:Training thread: 5 Num iters: 1K Avg policy loss: -0.0318906727422 Avg value loss: 0.00888212830407
INFO:root:Training thread: 6 Num iters: 1K Avg policy loss: -0.0303900476702 Avg value loss: 0.008648403622
INFO:root:Training thread: 9 Num iters: 1K Avg policy loss: -0.0281140006123 Avg value loss: 0.00827214530557
INFO:root:Training thread: 3 Num iters: 1K Avg policy loss: -0.0288375665036 Avg value loss: 0.00787309092958
INFO:root:Training thread: 12 Num iters: 1K Avg policy loss: -0.028194722245 Avg value loss: 0.00825536265069
INFO:root:Training thread: 14 Num iters: 1K Avg policy loss: -0.030232425496 Avg value loss: 0.00865708927239
INFO:root:Training thread: 7 Num iters: 1K Avg policy loss: -0.0273249806822 Avg value loss: 0.00806971201179
INFO:root:Time 02h 40m 14s, Avg Reward 0.0, Avg Accuracy 0.0, Avg Ep length 30.0, Best Reward 0.072
INFO:root:Training thread: 13 Num iters: 1K Avg policy loss: -0.0291558010878 Avg value loss: 0.00829657187511
INFO:root:Training thread: 8 Num iters: 1K Avg policy loss: -0.0307138866794 Avg value loss: 0.00782856804801
INFO:root:Time 02h 42m 39s, Avg Reward 0.0, Avg Accuracy 0.0, Avg Ep length 30.0, Best Reward 0.072
INFO:root:Training thread: 11 Num iters: 1K Avg policy loss: -0.0273683678341 Avg value loss: 0.00736911547511
INFO:root:Training thread: 10 Num iters: 1K Avg policy loss: -0.0313734506417 Avg value loss: 0.00878859549201
INFO:root:Training thread: 4 Num iters: 1K Avg policy loss: -0.0308892147298 Avg value loss: 0.0083661263911
INFO:root:Time 02h 45m 00s, Avg Reward 0.0, Avg Accuracy 0.0, Avg Ep length 30.0, Best Reward 0.072
INFO:root:Time 02h 47m 21s, Avg Reward 0.0, Avg Accuracy 0.0, Avg Ep length 30.0, Best Reward 0.072
INFO:root:Time 02h 49m 40s, Avg Reward 0.0, Avg Accuracy 0.0, Avg Ep length 30.0, Best Reward 0.072
INFO:root:Time 02h 52m 02s, Avg Reward 0.0, Avg Accuracy 0.0, Avg Ep length 30.0, Best Reward 0.072
INFO:root:Time 02h 54m 26s, Avg Reward 0.0, Avg Accuracy 0.0, Avg Ep length 30.0, Best Reward 0.072
INFO:root:Time 02h 56m 44s, Avg Reward 0.0, Avg Accuracy 0.0, Avg Ep length 30.0, Best Reward 0.072
INFO:root:Time 02h 59m 04s, Avg Reward 0.0, Avg Accuracy 0.0, Avg Ep length 30.0, Best Reward 0.072
INFO:root:Time 03h 01m 32s, Avg Reward 0.0, Avg Accuracy 0.0, Avg Ep length 30.0, Best Reward 0.072
INFO:root:Time 03h 04m 00s, Avg Reward 0.0, Avg Accuracy 0.0, Avg Ep length 30.0, Best Reward 0.072
INFO:root:Time 03h 06m 28s, Avg Reward 0.0, Avg Accuracy 0.0, Avg Ep length 30.0, Best Reward 0.072
INFO:root:Time 03h 08m 49s, Avg Reward 0.0, Avg Accuracy 0.0, Avg Ep length 30.0, Best Reward 0.072
INFO:root:Time 03h 11m 15s, Avg Reward 0.0, Avg Accuracy 0.0, Avg Ep length 30.0, Best Reward 0.072
INFO:root:Time 03h 13m 40s, Avg Reward 0.0, Avg Accuracy 0.0, Avg Ep length 30.0, Best Reward 0.072
INFO:root:Time 03h 16m 03s, Avg Reward 0.0, Avg Accuracy 0.0, Avg Ep length 30.0, Best Reward 0.072
INFO:root:Time 03h 18m 27s, Avg Reward 0.0, Avg Accuracy 0.0, Avg Ep length 30.0, Best Reward 0.072
INFO:root:Time 03h 20m 51s, Avg Reward 0.0, Avg Accuracy 0.0, Avg Ep length 30.0, Best Reward 0.072
INFO:root:Time 03h 23m 11s, Avg Reward 0.0, Avg Accuracy 0.0, Avg Ep length 30.0, Best Reward 0.072
INFO:root:Time 03h 25m 34s, Avg Reward 0.0, Avg Accuracy 0.0, Avg Ep length 30.0, Best Reward 0.072
INFO:root:Time 03h 28m 00s, Avg Reward 0.0, Avg Accuracy 0.0, Avg Ep length 30.0, Best Reward 0.072
INFO:root:Time 03h 30m 28s, Avg Reward 0.0, Avg Accuracy 0.0, Avg Ep length 30.0, Best Reward 0.072
INFO:root:Time 03h 32m 55s, Avg Reward 0.0, Avg Accuracy 0.0, Avg Ep length 30.0, Best Reward 0.072
INFO:root:Time 03h 35m 15s, Avg Reward 0.0, Avg Accuracy 0.0, Avg Ep length 30.0, Best Reward 0.072
INFO:root:Time 03h 37m 37s, Avg Reward 0.0, Avg Accuracy 0.0, Avg Ep length 30.0, Best Reward 0.072
INFO:root:Time 03h 40m 04s, Avg Reward 0.0, Avg Accuracy 0.0, Avg Ep length 30.0, Best Reward 0.072
INFO:root:Time 03h 42m 23s, Avg Reward 0.0, Avg Accuracy 0.0, Avg Ep length 30.0, Best Reward 0.072
INFO:root:Time 03h 44m 46s, Avg Reward 0.0, Avg Accuracy 0.0, Avg Ep length 30.0, Best Reward 0.072
INFO:root:Time 03h 47m 12s, Avg Reward 0.0, Avg Accuracy 0.0, Avg Ep length 30.0, Best Reward 0.072
INFO:root:Time 03h 49m 30s, Avg Reward 0.0, Avg Accuracy 0.0, Avg Ep length 30.0, Best Reward 0.072
INFO:root:Time 03h 51m 54s, Avg Reward 0.0, Avg Accuracy 0.0, Avg Ep length 30.0, Best Reward 0.072
INFO:root:Time 03h 54m 20s, Avg Reward 0.0, Avg Accuracy 0.0, Avg Ep length 30.0, Best Reward 0.072
INFO:root:Time 03h 56m 46s, Avg Reward 0.0, Avg Accuracy 0.0, Avg Ep length 30.0, Best Reward 0.072
INFO:root:Time 03h 59m 06s, Avg Reward 0.0, Avg Accuracy 0.0, Avg Ep length 30.0, Best Reward 0.072
INFO:root:Time 04h 01m 33s, Avg Reward 0.0, Avg Accuracy 0.0, Avg Ep length 30.0, Best Reward 0.072
INFO:root:Time 04h 03m 58s, Avg Reward 0.0, Avg Accuracy 0.0, Avg Ep length 30.0, Best Reward 0.072
